3ffb2180 l    d  .bss	00000000 .bss
3ff80000 l    d  .rtc_fast.bss	00000000 .rtc_fast.bss
50000000 l    d  .rtc_slow.bss	00000000 .rtc_slow.bss
3ffb2c74 l     O .bss	00000004 _ZN8esp_test14__embassy_main4POOL17hc1f4f89be6af1c58E.0
3ffc2c84 l     O .bss	00005004 _ZN16embassy_executor7_export5ARENA17h98f0c3cd26fd7f34E
3ffc7cf5 l     O .bss	00000002 _ZN15esp_hal_embassy8executor6thread23SIGNAL_WORK_THREAD_MODE17h1eaf915410afea75E
3ffc84d4 l     O .bss	00000004 _ZN8esp_wifi4wifi16WIFI_TX_INFLIGHT17h50c7486c026cb678E
3ffc7e08 l     O .bss	000005d4 _ZN8esp_wifi4wifi11WifiTxToken13consume_token6BUFFER17h0f29001d75868ca4E
3ffc84f8 l     O .bss	00000004 _ZN3log20MAX_LOG_LEVEL_FILTER17hc604844e5b22008aE.0
3ffc84f4 l     O .bss	00000004 _ZN3log5STATE17h4a82eb5737cb86e7E.0
3ffc7c8c l     O .bss	00000004 _ZN7esp_hal5clock13ACTIVE_CLOCKS17h32d380688d10152eE.1
3ffc7c88 l     O .bss	00000001 _ZN7esp_hal5clock13ACTIVE_CLOCKS17h32d380688d10152eE.0
3ffc7c90 l     O .bss	00000001 _ZN7esp_hal5clock13ACTIVE_CLOCKS17h32d380688d10152eE.2
3ffb2c78 l     O .bss	00010000 _ZN8esp_test21____embassy_main_task28_$u7b$$u7b$closure$u7d$$u7d$4HEAP17h31782136585982ffE
3ffc7cf8 l     O .bss	0000000c _ZN73_$LT$esp_hal..timer..timg..Timer$u20$as$u20$esp_hal_embassy..TimeBase$GT$6timers11STATIC_CELL17h0c81f6c40e07fa69E
3ffc84dc l     O .bss	00000004 _ZN8esp_wifi14common_adapter13chip_specific22G_PHY_DIGITAL_REGS_MEM17h186339563a4cd42aE.0
3ffc83dc l     O .bss	00000054 _ZN8esp_wifi14common_adapter13chip_specific20SOC_PHY_DIG_REGS_MEM17h39c1f7d71fbf38a0E
3ffb2180 l     O .bss	00000001 _ZN8esp_test9WIFI_INIT17h76c72b7b1ed3d8c7E
3ffc84a4 l     O .bss	00000030 _ZN8esp_wifi4wifi9wifi_init10NVS_STRUCT17h9a4b03f9f017a7f4E
3ffc2c7c l     O .bss	00000004 _ZN8esp_test12wifi_connect4POOL17he8daf0a7c5e11c30E.0
3ffb2188 l     O .bss	00000ad8 _ZN8esp_test13NET_RESOURCES17hd9d9f6ac4af99488E
3ffb2c60 l     O .bss	00000008 _ZN8esp_test9NET_STACK17hb665bb9166adbdbeE
3ffb2c68 l     O .bss	0000000c _ZN8esp_test10NET_RUNNER17h3e1e89c6fda80272E
3ffc2c78 l     O .bss	00000004 _ZN8esp_test8net_task4POOL17h3009f63b9fa4c9cfE.0
3ffc2c80 l     O .bss	00000001 __rust_no_alloc_shim_is_unstable
3ffc8430 l     O .bss	00000064 _ZN9esp_alloc4HEAP17hd7d24eb5f15f4ab9E
3ffc7c9c l     O .bss	00000058 _ZN7esp_hal6system20PERIPHERAL_REF_COUNT17h6a4899ca59dd8b96E
3ffc7c94 l     O .bss	00000008 _ZN7esp_hal4gpio8GpioBank16async_operations5FLAGS17hbbe05f46f1fa3b4bE
3ffc849c l     O .bss	00000004 _ZN8esp_wifi4wifi10os_adapter15ISR_INTERRUPT_117ha109f6e40bbfe41cE.0
3ffc84a0 l     O .bss	00000004 _ZN8esp_wifi4wifi10os_adapter15ISR_INTERRUPT_117ha109f6e40bbfe41cE.1
3ffc84e4 l     O .bss	00000004 _ZN8esp_wifi14common_adapter13chip_specific14PHY_ACCESS_REF17hcc6c0ff7411583b8E
3ffc84e0 l     O .bss	00000001 _ZN8esp_wifi14common_adapter13chip_specific19S_IS_PHY_REG_STORED17h4afdc673d05756c6E.0
3ffc84d8 l     O .bss	00000001 _ZN8esp_wifi14common_adapter13chip_specific19G_IS_PHY_CALIBRATED17h8eb8b1d752b065d3E.0
3ffc8498 l     O .bss	00000004 _ZN8esp_wifi4wifi10os_adapter12QUEUE_HANDLE17h9cb6397122447955E
3ffc84f0 l     O .bss	00000004 _ZN8esp_wifi14common_adapter20PHY_CLOCK_ENABLE_REF17hef0c20ce985085cdE
3ffc7c91 l     O .bss	00000001 _ZN7esp_hal5clock21PHY_CLOCK_REF_COUNTER17h28f310b0199ab8feE.0
3ffc8494 l     O .bss	00000004 _ZN8esp_wifi6compat8_putchar3IDX17h8198620b01f50426E.0
3ffc7d04 l     O .bss	00000100 _ZN8esp_wifi6compat8_putchar6BUFFER17h07cec23a6ab28a21E
3ffc8a8c l     O .bss	00000004 s_wpa2_api_lock
3ffc8a98 l     O .bss	00000004 gEapSm
3ffc8a9c l     O .bss	00000004 s_wpa2_data_lock
3ffc8a90 l     O .bss	00000004 s_wpa2_queue
3ffc8a88 l     O .bss	00000004 s_wifi_wpa2_sync_sem
3ffc8a80 l     O .bss	00000008 s_wpa2_rxq
3ffc8a94 l     O .bss	00000004 s_wpa2_task_hdl
3ffc8b40 l     O .bss	00000004 s_wps_sm_cb
3ffc8b48 l     O .bss	00000004 tls_ref_count
3ffc8b6c l     O .bss	00000004 eloop_data_lock
3ffc8b4c l     O .bss	00000020 eloop
3ffc8b74 l     O .bss	00000040 s_sm_table
3ffc8b70 l     O .bss	00000004 s_sm_valid_bitmap
3ffc8bb8 l     O .bss	00000004 eap_methods
3ffc8bb4 l     O .bss	00000004 config_methods
3ffc8774 g     O .bss	00000002 phy_freq_offset
3ffca044 g     O .bss	00000008 s_tx_cacheq
3ffcb7c8 g     O .bss	0000000c s_fix_rate
3ffc8790 g     O .bss	00000002 phy_tx_pwr_error
3ffc8a7c g     O .bss	00000001 g_wdev_last_desc_reset
3ffcb2dc g     O .bss	00000088 phy_rxrf_dc
3ffc8aa0 g     O .bss	00000004 wpa_cb
3ffca050 g     O .bss	0000011c gScanStruct
3ffc8bdc g     O .bss	00000004 g_wpa_password
3ffc8bf8 g     O .bss	00000004 g_wpa_client_cert_len
3ffc8792 g     O .bss	00000001 phy_in_vdd33_offset
3ffcb2bc g     O .bss	0000000b freq_i2c_addr
3ffca180 g     O .bss	00000228 gChmCxt
3ffc858c g     O .bss	00000004 s_wifi_task_hdl
3ffc8bec g     O .bss	00000004 g_wpa_private_key_passwd
3ffc8661 g     O .bss	00000001 g_wifi_improve_contention_ability
3ffc8796 g     O .bss	00000001 s_is_6m
3ffc8bf0 g     O .bss	00000004 g_wpa_private_key_len
3ffc8bd0 g     O .bss	00000004 g_wpa_new_password_len
3ffc8a00 g     O .bss	00000070 wDevMacSleep
3ffc877c g     O .bss	00000001 bt_dig_gain_force
3ffc84fc g     O .bss	00000004 mesh_rxcb
3ffc864d g     O .bss	00000001 s_avail_seq
3ffc8737 g     O .bss	00000001 g_in_blacklist_flag
3ffca3a8 g     O .bss	00000ef8 g_cnxMgr
3ffc8c0c g     O .bss	00000004 g_wpa_anonymous_identity
3ffc8bbd g     O .bss	00000001 g_wpa_suiteb_certification
3ffc8b44 g     O .bss	00000004 global_hapd
3ffc8764 g     O .bss	00000001 bt_pwr_track_num
3ffc84ec g     O .bss	00000004 g_misc_nvs
3ffc8bcc g     O .bss	00000004 g_wpa_ttls_phase2_type
3ffc878e g     O .bss	00000001 phy_pwdet_onetime_flag
3ffc8768 g     O .bss	00000002 bt_pwr_cap_sum
3ffcb364 g     O .bss	00000001 phy_dcur_org
3ffc8c00 g     O .bss	00000004 g_wpa_username_len
3ffc8684 g     O .bss	00000001 rssi_index
3ffc8688 g     O .bss	00000008 rssi_saved
3ffc8500 g     O .bss	00000004 s_wifi_api_lock
3ffc877f g     O .bss	00000001 lr_enable
3ffc8771 g     O .bss	00000001 phy_sw_set_chan_en
3ffca04c g     O .bss	00000001 he_dcm_max_constellation_tx
3ffc855c g     O .bss	00000001 g_beacon_idx
3ffc8588 g     O .bss	00000004 g_wifi_global_lock
3ffcb368 g     O .bss	0000005e chip7_phy_init_ctrl
3ffc8f70 g     O .bss	000002a8 g_ic
3ffcb3c8 g     O .bss	00000010 phy_rxbb_dc
3ffcb3d8 g     O .bss	00000004 adc_ana_conf_org
3ffc8a74 g     O .bss	00000004 g_wdev_csi_rx
3ffc8be8 g     O .bss	00000004 g_wpa_private_key_passwd_len
3ffcb3dc g     O .bss	00000001 set_most_tpw
3ffc967c g     O .bss	000004c4 s_sd
3ffc9b40 g     O .bss	00000504 s_wifi_nvs
3ffcb2a0 g     O .bss	00000014 sta_con_timer
3ffc9290 g     O .bss	00000068 g_wifi_menuconfig
3ffc876e g     O .bss	00000002 rfpll_offset_delta
3ffc865c g     O .bss	00000004 s_netstack_free
3ffc877e g     O .bss	00000001 corr_cca_thr
3ffc866a g     O .bss	00000002 scannum
3ffc8bf4 g     O .bss	00000004 g_wpa_private_key
3ffc8a78 g     O .bss	00000004 g_wdev_is_nan_pkt_in_valid_slot_cb
3ffc8781 g     O .bss	00000001 re_entry
3ffc8789 g     O .bss	00000001 phy_set_most_tpw_disbg
3ffc878c g     O .bss	00000001 sw_scan_mode
3ffc8734 g     O .bss	00000001 g_rssi_threshold_failure
3ffc8772 g     O .bss	00000001 phy_force_wifi_chan_en
3ffc876a g     O .bss	00000001 btpwr_atten_offset
3ffcb4e0 g     O .bss	00000011 phy_chan_pwr_index
3ffcb3e0 g     O .bss	0000000f chip7_phy_api_ctrl
3ffc8778 g     O .bss	00000004 g_phyFuns
3ffc8794 g     O .bss	00000002 phy_tx_power_out
3ffc8550 g     O .bss	00000004 ap_rxcb
3ffc8c40 g     O .bss	0000032c gWpaSm
3ffc8654 g     O .bss	00000004 s_netstack_ref
3ffc8783 g     O .bss	00000001 phy_init_flag
3ffc876d g     O .bss	00000001 btpwr_tsen_init
3ffc8bd4 g     O .bss	00000004 g_wpa_new_password
3ffcb5f8 g     O .bss	000001d0 g_pm
3ffc8be0 g     O .bss	00000004 g_wpa_ca_cert_len
3ffcb3f0 g     O .bss	000000c4 chip7_sleep_params
3ffca16c g     O .bss	00000010 app_scan_params
3ffc8736 g     O .bss	00000001 g_authmode_incompatible
3ffc8bc8 g     O .bss	00000004 g_wpa_phase1_options
3ffc8f6c g     O .bss	00000004 net80211_funcs
3ffc8c04 g     O .bss	00000004 g_wpa_username
3ffc8aa4 g     O .bss	00000004 wifi_funcs
3ffc9218 g     O .bss	00000074 wpa_crypto_funcs
3ffc8bbc g     O .bss	00000001 g_wpa_default_cert_bundle
3ffc8765 g     O .bss	00000001 bt_pwr_freq_old
3ffc89a0 g     O .bss	00000004 s_fix_rate_mask
3ffc88e8 g     O .bss	000000b4 g_lmac_cnt
3ffc876b g     O .bss	00000001 btpwr_tsen_flag
3ffc878d g     O .bss	00000001 force_tx_gain_en
3ffc8508 g     O .bss	00000001 s_wifi_stop_in_progress
3ffc878f g     O .bss	00000001 phy_dis_pwdet_one
3ffc8a70 g     O .bss	00000004 g_wdev_csi_rx_ctx
3ffc89fc g     O .bss	00000004 BcnSendTick
3ffc8668 g     O .bss	00000001 connect_scan_flag
3ffc8644 g     O .bss	00000004 g_mesh_topology
3ffc8bfc g     O .bss	00000004 g_wpa_client_cert
3ffc8c10 g     O .bss	00000030 assoc_ie_buf
3ffc8648 g     O .bss	00000004 ndp_rxcb
3ffc8bc0 g     O .bss	00000004 g_wpa_pac_file_len
3ffc8782 g     O .bss	00000001 force_hw_set_freq_flag
3ffc876c g     O .bss	00000001 btpwr_tsen_old
3ffc8766 g     O .bss	00000001 bt_pwr_cap_sum_old
3ffc8bd8 g     O .bss	00000004 g_wpa_password_len
3ffc9458 g     O .bss	00000224 s_dp
3ffc8786 g     O .bss	00000002 target_power_backoff_qdb
3ffc873c g     O .bss	00000004 g_cnx_probe_rc_list_cb
3ffca17c g     O .bss	00000004 s_eapol_txdone_cb
3ffc8c08 g     O .bss	00000004 g_wpa_anonymous_identity_len
3ffc8773 g     O .bss	00000001 phy_freq_wifi_only
3ffc8ab0 g     O .bss	00000090 g_wpa_supp
3ffc8770 g     O .bss	00000001 phy_bt_power_track_en
3ffc7cf4 g     O .bss	00000001 _ESP_HAL_DEVICE_PERIPHERALS
3ffc8788 g     O .bss	00000001 phy_set_most_tpw_flag
3ffc8504 g     O .bss	00000004 wifi_sta_rx_probe_req
3ffcb4b4 g     O .bss	00000028 phy_version_str
3ffcb4f4 g     O .bss	00000008 phy_chan_gain_table
3ffc8735 g     O .bss	00000001 g_authmode_threshold_failure
3ffc8bc4 g     O .bss	00000004 g_wpa_pac_file
3ffc84e8 g     O .bss	00000004 g_log_level
3ffcb4dc g     O .bss	00000001 phy_dac_org
3ffc8797 g     O .bss	00000001 g_pp_tx_pkt_num
3ffc8780 g     O .bss	00000001 chan14_mic_en
3ffc850c g     O .bss	00000040 g_hmac_cnt
3ffcb2c8 g     O .bss	00000014 bt_wifi_chan_data
3ffc8784 g     O .bss	00000001 phy_set_most_tpw_index
3ffc8690 g     O .bss	00000001 in_rssi_adjust
3ffc8680 g     O .bss	00000004 sta_rxcb
3ffc866c g     O .bss	00000014 sta_csa_timer
3ffc92f8 g     O .bss	00000158 s_ni
3ffc878a g     O .bss	00000002 phy_meas_noise_floor
3ffc8560 g     O .bss	00000008 g_beacon_eb
3ffc877d g     O .bss	00000001 init_wifi_disable
3ffcb4de g     O .bss	00000002 pwrdet_offset
3ffc8be4 g     O .bss	00000004 g_wpa_ca_cert
3ffc88a0 g     O .bss	00000048 g_pm_cnt
3ffcb2b4 g     O .bss	00000008 ctx
3ffc8733 g     O .bss	00000001 reconnect_flag
3ffc8592 g     O .bss	00000001 g_mac_sleep_en
3ffcb510 g     O .bss	000000c0 eb_space
3ffc8594 g     O .bss	000000b0 esp_mesh_quick_funcs
3ffc8732 g     O .bss	00000001 ap_no_lr
3ffcb5d0 g     O .bss	00000028 if_ctrl
3ffc8868 g     O .bss	00000010 s_fragment
3ffc8878 g     O .bss	00000004 s_wifi_queue
3ffc8793 g     O .bss	00000001 tx_pwctrl_track_num
3ffc8aa8 g     O .bss	00000001 g_wpa_pmk_caching_disabled
3ffcb4fc g     O .bss	00000011 phy_chan_target_power
3ffc9450 g     O .bss	00000008 action_q
